<testsuite failures="1" name="src/test/java/features/geApi.feature" skipped="0" tests="2" time="1.80235">
  <testcase classname="src.test.java.features.geApi" name="Get User details" time="1.598016">
    <failure message="geApi.feature:6 - status code was: 404, expected: 200, response time: 797, url: https://gorest.co.in/public/v1/users/894356, response: {&quot;data&quot;:{&quot;message&quot;:&quot;Resource not found&quot;},&quot;meta&quot;:null}">Given url 'https://gorest.co.in/public/v1/users' .......................... passed
And path '894356' ......................................................... passed
When method GET ........................................................... passed
Then status 200 ........................................................... failed

Stack Trace:
com.intuit.karate.exception.KarateException: geApi.feature:6 - status code was: 404, expected: 200, response time: 797, url: https://gorest.co.in/public/v1/users/894356, response: {"data":{"message":"Resource not found"},"meta":null}&#13;
	at ✽.Then status 200 (geApi.feature:6)&#13;

* print response .......................................................... skipped
* def actname = response.data.name ........................................ skipped
* print actname ........................................................... skipped
* match actname == 'Keerti Marar' ......................................... skipped</failure>
  </testcase>
  <testcase classname="src.test.java.features.geApi" name="Get User details" time="0.204334">
    <system-out>Given url 'https://gorest.co.in/public/v1/users' .......................... passed
And path '894356' ......................................................... passed
When method GET ........................................................... passed
Then status 200 ........................................................... failed

Stack Trace:
com.intuit.karate.exception.KarateException: geApi.feature:6 - status code was: 404, expected: 200, response time: 797, url: https://gorest.co.in/public/v1/users/894356, response: {"data":{"message":"Resource not found"},"meta":null}&#13;
	at ✽.Then status 200 (geApi.feature:6)&#13;

* print response .......................................................... skipped
* def actname = response.data.name ........................................ skipped
* print actname ........................................................... skipped
* match actname == 'Keerti Marar' ......................................... skipped
Given url 'https://gorest.co.in/public/v1/users' .......................... passed
And path '01' ............................................................. passed
When method GET ........................................................... passed
Then status 404 ........................................................... passed</system-out>
  </testcase>
</testsuite>
